"GET /token/ HTTP/1.1" 200 9729
"GET /token/ HTTP/1.1" 200 5991
"GET /generate-token/ HTTP/1.1" 200 103
"GET /generate-token/ HTTP/1.1" 200 103
"GET /generate-token/ HTTP/1.1" 200 103
"GET /generate-token/ HTTP/1.1" 200 103
"GET /generate-token/ HTTP/1.1" 200 103
"GET /generate-token/ HTTP/1.1" 200 103
"GET /generate-token/ HTTP/1.1" 200 103
Info
"GET /token/ HTTP/1.1" 200 5991
"GET /token/ HTTP/1.1" 200 5991
"GET /token/ HTTP/1.1" 200 5991
"GET /token/ HTTP/1.1" 200 5991
"GET /generate-token/ HTTP/1.1" 200 103
"GET /generate-token/ HTTP/1.1" 200 103
"GET /generate-token/ HTTP/1.1" 200 103
"GET /token/ HTTP/1.1" 200 7860
"GET /token/ HTTP/1.1" 200 7860
"GET /token/ HTTP/1.1" 200 7860
"GET /token/ HTTP/1.1" 200 7860
"GET /token/ HTTP/1.1" 200 7860
"GET /token/ HTTP/1.1" 200 7860
"GET /token/ HTTP/1.1" 200 7860
"GET /token/ HTTP/1.1" 200 7860
"GET /token/ HTTP/1.1" 200 7860
"GET /token/ HTTP/1.1" 200 7860
"GET /token/ HTTP/1.1" 200 7860
"GET /token/ HTTP/1.1" 200 7860
"GET /token/ HTTP/1.1" 200 7860
"GET /token/ HTTP/1.1" 200 7860
"GET /token/ HTTP/1.1" 200 7860
"GET /token/ HTTP/1.1" 200 7860
"GET /token/ HTTP/1.1" 200 7860
"GET /token/ HTTP/1.1" 200 7860
"GET /token/ HTTP/1.1" 200 7860
"GET /token/ HTTP/1.1" 200 7860
"GET /token/ HTTP/1.1" 200 7860
"GET /token/ HTTP/1.1" 200 7860
"GET /token/ HTTP/1.1" 200 7860
"GET /token/ HTTP/1.1" 200 7860
"GET /token/ HTTP/1.1" 200 7860
"GET /token/ HTTP/1.1" 200 7860
"GET /token/ HTTP/1.1" 200 7860
"GET /token/ HTTP/1.1" 200 7860
"GET /token/ HTTP/1.1" 200 7860
"GET /token/ HTTP/1.1" 200 7860
"GET /token/ HTTP/1.1" 200 7860
"GET /token/ HTTP/1.1" 200 7860
{"2017-07-09 10:01:02.120062": {"141": 541800, "142": 579000, "143": 502080}}
"GET /generate-token HTTP/1.1" 301 0
"GET /generate-token/ HTTP/1.1" 200 103
Not Found: /favicon.ico
"GET /favicon.ico HTTP/1.1" 404 10637
{"2017-07-09 10:02:01.545371": {"144": 566768}}
{"2017-07-09 10:03:01.264830": {}}
{"2017-07-09 10:04:01.676397": {}}
"GET /generate-token/ HTTP/1.1" 200 103
{"2017-07-09 10:05:02.137643": {"145": 522479}}
"GET /generate-token/ HTTP/1.1" 200 103
"GET /generate-token/ HTTP/1.1" 200 103
"GET /generate-token/ HTTP/1.1" 200 103
{"2017-07-09 10:06:01.537150": {"146": 562299, "147": 551764, "148": 537154}}
"GET /generate-token/ HTTP/1.1" 200 103
"GET /generate-token/ HTTP/1.1" 200 103
"GET /generate-token/ HTTP/1.1" 200 103
"GET /generate-token/ HTTP/1.1" 200 103
"GET /generate-token/ HTTP/1.1" 200 103
{"2017-07-09 10:07:01.935004": {"152": 525847, "153": 576259, "149": 515832, "150": 553480, "151": 553873}}
{"2017-07-09 10:08:02.324993": {}}
{"2017-07-09 10:09:01.740483": {}}
